<?xml version="1.0" encoding="UTF-8"?>
<testng-results skipped="0" failed="0" ignored="0" total="1" passed="1">
  <reporter-output>
  </reporter-output>
  <suite name="Default suite" duration-ms="23" started-at="2020-11-05T02:18:26Z" finished-at="2020-11-05T02:18:26Z">
    <groups>
    </groups>
    <test name="Default test" duration-ms="23" started-at="2020-11-05T02:18:26Z" finished-at="2020-11-05T02:18:26Z">
      <class name="testNG.concepts.TestClass">
        <test-method status="PASS" signature="test()[pri:0, instance:testNG.concepts.TestClass@7cd62f43]" name="test" duration-ms="6" started-at="2020-11-05T02:18:26Z" finished-at="2020-11-05T02:18:26Z">
          <reporter-output>
          </reporter-output>
        </test-method> <!-- test -->
      </class> <!-- testNG.concepts.TestClass -->
    </test> <!-- Default test -->
  </suite> <!-- Default suite -->
</testng-results>
